<?xml version="1.0" encoding="UTF-8"?>
<!-- Generated by org.testng.reporters.JUnitReportReporter -->
<testsuite skipped="0" hostname="LTILBOM20405810" name="com.frame.qa.sampleTestcases.HBSOWeb_Test" tests="1" failures="0" timestamp="2023-05-03T16:39:06 IST" time="31.408" errors="0">
  <testcase name="courseDetailsTest" time="31.408" classname="com.frame.qa.sampleTestcases.HBSOWeb_Test"/>
  <system-out/>
</testsuite> <!-- com.frame.qa.sampleTestcases.HBSOWeb_Test -->
