<?xml version="1.0" encoding="UTF-8"?>
<!-- Generated by org.testng.reporters.JUnitReportReporter -->
<testsuite skipped="0" hostname="LTILBOM20405810" name="com.frame.qa.sampleTestcases.KTtask_BergerPaints_Test" tests="1" failures="0" timestamp="2023-04-17T15:07:23 IST" time="91.122" errors="0">
  <testcase name="mobileViewTest" time="91.122" classname="com.frame.qa.sampleTestcases.KTtask_BergerPaints_Test"/>
  <system-out/>
</testsuite> <!-- com.frame.qa.sampleTestcases.KTtask_BergerPaints_Test -->
