<?xml version="1.0" encoding="UTF-8"?>
<!-- Generated by org.testng.reporters.JUnitReportReporter -->
<testsuite hostname="LTILBOM20100335" failures="0" tests="7" name="com.frame.qa.sampleTestcases.SamplePageTest_Sel4" time="54.402" errors="0" timestamp="2022-05-18T12:38:26 IST" skipped="0">
  <testcase classname="com.frame.qa.sampleTestcases.SamplePageTest_Sel4" name="clickVIP4" time="8.612"/>
  <system-out/>
  <testcase classname="com.frame.qa.sampleTestcases.SamplePageTest_Sel4" name="clickVIP1" time="7.165"/>
  <system-out/>
  <testcase classname="com.frame.qa.sampleTestcases.SamplePageTest_Sel4" name="clickVIP3" time="7.232"/>
  <system-out/>
  <testcase classname="com.frame.qa.sampleTestcases.SamplePageTest_Sel4" name="clickVIP2" time="8.101"/>
  <system-out/>
  <testcase classname="com.frame.qa.sampleTestcases.SamplePageTest_Sel4" name="getAndSwitchToNewTab" time="8.636"/>
  <system-out/>
  <testcase classname="com.frame.qa.sampleTestcases.SamplePageTest_Sel4" name="clickVIP" time="6.961"/>
  <system-out/>
  <testcase classname="com.frame.qa.sampleTestcases.SamplePageTest_Sel4" name="performActionsUsingRelativeLocators" time="7.695"/>
  <system-out/>
</testsuite> <!-- com.frame.qa.sampleTestcases.SamplePageTest_Sel4 -->
