<?xml version="1.0" encoding="UTF-8"?>
<!-- Generated by org.testng.reporters.JUnitReportReporter -->
<testsuite skipped="0" hostname="LTILBOM20405810" name="com.frame.qa.sampleTestcases.HBSO_Test" tests="1" failures="0" timestamp="2023-03-13T15:34:12 IST" time="139.759" errors="0">
  <testcase name="mobileViewTest" time="139.759" classname="com.frame.qa.sampleTestcases.HBSO_Test"/>
  <system-out/>
</testsuite> <!-- com.frame.qa.sampleTestcases.HBSO_Test -->
