<?xml version="1.0" encoding="UTF-8"?>
<!-- Generated by org.testng.reporters.JUnitReportReporter -->
<testsuite skipped="0" hostname="LTILBOM20405810" name="com.frame.qa.sampleTestcases.Irvine_Test" tests="1" failures="0" timestamp="2023-04-13T12:59:42 IST" time="140.250" errors="0">
  <testcase name="favoritesTest" time="140.250" classname="com.frame.qa.sampleTestcases.Irvine_Test"/>
  <system-out/>
</testsuite> <!-- com.frame.qa.sampleTestcases.Irvine_Test -->
