<?xml version="1.0" encoding="UTF-8"?>
<!-- Generated by org.testng.reporters.JUnitReportReporter -->
<testsuite skipped="0" hostname="LTILBOM20405810" name="com.frame.qa.sampleTestcases.ICO_Test" tests="1" failures="0" timestamp="2023-04-26T14:58:21 IST" time="54.670" errors="0">
  <testcase name="ico_TC02" time="54.670" classname="com.frame.qa.sampleTestcases.ICO_Test"/>
  <system-out/>
</testsuite> <!-- com.frame.qa.sampleTestcases.ICO_Test -->
