<?xml version="1.0" encoding="UTF-8"?>
<!-- Generated by org.testng.reporters.JUnitReportReporter -->
<testsuite skipped="0" hostname="LTILBOM20405810" name="com.frame.qa.sampleTestcases.KTtask_IrctcTest" tests="1" failures="0" timestamp="2023-04-18T18:17:37 IST" time="153.272" errors="0">
  <testcase name="virtualPainterTest" time="153.272" classname="com.frame.qa.sampleTestcases.KTtask_IrctcTest"/>
  <system-out/>
</testsuite> <!-- com.frame.qa.sampleTestcases.KTtask_IrctcTest -->
