<?xml version="1.0" encoding="UTF-8"?>
<!-- Generated by org.testng.reporters.JUnitReportReporter -->
<testsuite skipped="0" hostname="LTILBOM20405810" name="com.frame.qa.sampleTestcases.HBSOMobileView_Test" tests="1" failures="0" timestamp="2023-03-14T17:09:45 IST" time="140.254" errors="0">
  <testcase name="mobileViewTest" time="140.254" classname="com.frame.qa.sampleTestcases.HBSOMobileView_Test"/>
  <system-out/>
</testsuite> <!-- com.frame.qa.sampleTestcases.HBSOMobileView_Test -->
