<?xml version="1.0" encoding="UTF-8"?>
<!-- Generated by org.testng.reporters.JUnitReportReporter -->
<testsuite skipped="0" hostname="LTILBOM20405810" name="com.frame.qa.sampleTestcases.ICA_Test" tests="2" failures="0" timestamp="2023-04-13T18:17:26 IST" time="180.598" errors="0">
  <testcase name="icoTest1" time="72.048" classname="com.frame.qa.sampleTestcases.ICA_Test"/>
  <system-out/>
  <testcase name="ica_TC01" time="108.550" classname="com.frame.qa.sampleTestcases.ICA_Test"/>
  <system-out/>
</testsuite> <!-- com.frame.qa.sampleTestcases.ICA_Test -->
