<?xml version="1.0" encoding="UTF-8"?>
<!-- Generated by org.testng.reporters.JUnitReportReporter -->
<testsuite hostname="LTILBOM20100335" failures="0" tests="1" name="com.frame.qa.sampleTestcases.Sel_ChromeDevTools" time="73.255" errors="0" timestamp="2022-05-06T16:58:34 IST" skipped="0">
  <testcase classname="com.frame.qa.sampleTestcases.Sel_ChromeDevTools" name="testGeoLocation" time="73.255"/>
  <system-out/>
</testsuite> <!-- com.frame.qa.sampleTestcases.Sel_ChromeDevTools -->
